  textureManager_read.cpp
  textureManager.cpp
  texture.cpp
  paintingSystemApp_HandleEvents.cpp
  paintingSystemApp_draw.cpp
  paintingSystemApp.cpp
  paintingSystem.cpp
  lattice_manager.cpp
  freeCanvas2D.cpp
  boardGameApp.cpp
  painter.cpp
  boardGame.cpp
  BG_grid2D.cpp
  imageReader.cpp
  fileReader.cpp
  vector3d.cpp
  provider.cpp
  grid2D.cpp
  basic_tools.cpp
  openGLapp_update.cpp
  Generating Code...
  Compiling...
  openGLapp_init.cpp
  openGLapp_draw.cpp
  openGLapp.events.cpp
  openGLapp.cpp
  painter_draw.cpp
  opengl_stuff.cpp
  camera.cpp
  mySystemApp_HandleEvents.cpp
  mySystemApp_draw.cpp
d:\user\skwong\teaching\oop\assignments\oop_hw_2024_02\oop_hw_01_package_202402\oop_hw01_net2019_202402_template\00_studentwork\00_simpleinteractivesystem\mysystemapp_draw.cpp(90): warning C4244: '=' : conversion from 'const double' to 'float', possible loss of data
d:\user\skwong\teaching\oop\assignments\oop_hw_2024_02\oop_hw_01_package_202402\oop_hw01_net2019_202402_template\00_studentwork\00_simpleinteractivesystem\mysystemapp_draw.cpp(91): warning C4244: '=' : conversion from 'const double' to 'float', possible loss of data
d:\user\skwong\teaching\oop\assignments\oop_hw_2024_02\oop_hw_01_package_202402\oop_hw01_net2019_202402_template\00_studentwork\00_simpleinteractivesystem\mysystemapp_draw.cpp(93): warning C4305: 'argument' : truncation from 'double' to 'GLfloat'
d:\user\skwong\teaching\oop\assignments\oop_hw_2024_02\oop_hw_01_package_202402\oop_hw01_net2019_202402_template\00_studentwork\00_simpleinteractivesystem\mysystemapp_draw.cpp(124): warning C4305: 'argument' : truncation from 'double' to 'GLfloat'
d:\user\skwong\teaching\oop\assignments\oop_hw_2024_02\oop_hw_01_package_202402\oop_hw01_net2019_202402_template\00_studentwork\00_simpleinteractivesystem\mysystemapp_draw.cpp(124): warning C4305: 'argument' : truncation from 'double' to 'GLfloat'
d:\user\skwong\teaching\oop\assignments\oop_hw_2024_02\oop_hw_01_package_202402\oop_hw01_net2019_202402_template\00_studentwork\00_simpleinteractivesystem\mysystemapp_draw.cpp(125): warning C4244: 'argument' : conversion from 'double' to 'GLfloat', possible loss of data
d:\user\skwong\teaching\oop\assignments\oop_hw_2024_02\oop_hw_01_package_202402\oop_hw01_net2019_202402_template\00_studentwork\00_simpleinteractivesystem\mysystemapp_draw.cpp(125): warning C4244: 'argument' : conversion from 'double' to 'GLfloat', possible loss of data
d:\user\skwong\teaching\oop\assignments\oop_hw_2024_02\oop_hw_01_package_202402\oop_hw01_net2019_202402_template\00_studentwork\00_simpleinteractivesystem\mysystemapp_draw.cpp(128): warning C4305: 'argument' : truncation from 'double' to 'GLfloat'
d:\user\skwong\teaching\oop\assignments\oop_hw_2024_02\oop_hw_01_package_202402\oop_hw01_net2019_202402_template\00_studentwork\00_simpleinteractivesystem\mysystemapp_draw.cpp(128): warning C4305: 'argument' : truncation from 'double' to 'GLfloat'
d:\user\skwong\teaching\oop\assignments\oop_hw_2024_02\oop_hw_01_package_202402\oop_hw01_net2019_202402_template\00_studentwork\00_simpleinteractivesystem\mysystemapp_draw.cpp(129): warning C4244: 'argument' : conversion from 'double' to 'GLfloat', possible loss of data
d:\user\skwong\teaching\oop\assignments\oop_hw_2024_02\oop_hw_01_package_202402\oop_hw01_net2019_202402_template\00_studentwork\00_simpleinteractivesystem\mysystemapp_draw.cpp(129): warning C4244: 'argument' : conversion from 'double' to 'GLfloat', possible loss of data
d:\user\skwong\teaching\oop\assignments\oop_hw_2024_02\oop_hw_01_package_202402\oop_hw01_net2019_202402_template\00_studentwork\00_simpleinteractivesystem\mysystemapp_draw.cpp(138): warning C4305: 'argument' : truncation from 'double' to 'GLfloat'
d:\user\skwong\teaching\oop\assignments\oop_hw_2024_02\oop_hw_01_package_202402\oop_hw01_net2019_202402_template\00_studentwork\00_simpleinteractivesystem\mysystemapp_draw.cpp(138): warning C4305: 'argument' : truncation from 'double' to 'GLfloat'
d:\user\skwong\teaching\oop\assignments\oop_hw_2024_02\oop_hw_01_package_202402\oop_hw01_net2019_202402_template\00_studentwork\00_simpleinteractivesystem\mysystemapp_draw.cpp(138): warning C4305: 'argument' : truncation from 'double' to 'GLfloat'
d:\user\skwong\teaching\oop\assignments\oop_hw_2024_02\oop_hw_01_package_202402\oop_hw01_net2019_202402_template\00_studentwork\00_simpleinteractivesystem\mysystemapp_draw.cpp(147): warning C4244: '=' : conversion from 'double' to 'float', possible loss of data
d:\user\skwong\teaching\oop\assignments\oop_hw_2024_02\oop_hw_01_package_202402\oop_hw01_net2019_202402_template\00_studentwork\00_simpleinteractivesystem\mysystemapp_draw.cpp(148): warning C4244: '=' : conversion from 'double' to 'float', possible loss of data
d:\user\skwong\teaching\oop\assignments\oop_hw_2024_02\oop_hw_01_package_202402\oop_hw01_net2019_202402_template\00_studentwork\00_simpleinteractivesystem\mysystemapp_draw.cpp(154): warning C4305: 'argument' : truncation from 'double' to 'GLfloat'
d:\user\skwong\teaching\oop\assignments\oop_hw_2024_02\oop_hw_01_package_202402\oop_hw01_net2019_202402_template\00_studentwork\00_simpleinteractivesystem\mysystemapp_draw.cpp(154): warning C4305: 'argument' : truncation from 'double' to 'GLfloat'
d:\user\skwong\teaching\oop\assignments\oop_hw_2024_02\oop_hw_01_package_202402\oop_hw01_net2019_202402_template\00_studentwork\00_simpleinteractivesystem\mysystemapp_draw.cpp(160): warning C4244: '=' : conversion from 'double' to 'float', possible loss of data
d:\user\skwong\teaching\oop\assignments\oop_hw_2024_02\oop_hw_01_package_202402\oop_hw01_net2019_202402_template\00_studentwork\00_simpleinteractivesystem\mysystemapp_draw.cpp(161): warning C4244: '=' : conversion from 'double' to 'float', possible loss of data
  mySystemApp.cpp
  main.cpp
  basic_app.cpp
  mySystem_GraphManager.cpp
d:\user\skwong\teaching\oop\assignments\oop_hw_2024_02\oop_hw_01_package_202402\oop_hw01_net2019_202402_template\00_studentwork\00_simpleinteractivesystem\mysystem_graphmanager.cpp(41): warning C4244: 'argument' : conversion from 'double' to 'int', possible loss of data
  mySystem_Curve.cpp
  Generating Code...
C:\Program Files (x86)\MSBuild\Microsoft.Cpp\v4.0\Microsoft.CppBuild.targets(990,5): warning MSB8012: TargetPath(D:\user\skwong\teaching\OOP\Assignments\OOP_HW_2024_02\OOP_HW_01_Package_202402\OOP_HW01_NET2019_202402_Template\Debug\myFirstSystem.exe) does not match the Linker's OutputFile property value (D:\user\skwong\teaching\OOP\Assignments\OOP_HW_2024_02\OOP_HW_01_Package_202402\OOP_HW01_NET2019_202402_Template\bin\Debug\myFirstSystem.exe). This may cause your project to build incorrectly. To correct this, please make sure that $(OutDir), $(TargetName) and $(TargetExt) property values match the value specified in %(Link.OutputFile).
LINK : fatal error LNK1104: cannot open file 'irvine32.lib'
